simplify_symbols: Absolute symbol: 0x00000000
simplify_symbols: Absolute symbol: 0x00000000
simplify_symbols: Absolute symbol: 0x00000000
simplify_symbols: Unknown symbol proc_mm_list
simplify_symbols: Unknown symbol page_insert
simplify_symbols: Unknown symbol wait_queue_add
simplify_symbols: Unknown symbol wakeup_proc
simplify_symbols: Unknown symbol get_pud
simplify_symbols: Common symbol: inactive_list
mod-swap: please compile with -fno-common
simplify_symbols: Unknown symbol mm_create
simplify_symbols: Unknown symbol swap_hash_find
simplify_symbols: Unknown symbol shmem_get_entry
simplify_symbols: Unknown symbol up
simplify_symbols: Unknown symbol mm_destroy
simplify_symbols: Unknown symbol swap_page_del
simplify_symbols: Unknown symbol memcpy
simplify_symbols: Unknown symbol def_swap_manager
simplify_symbols: Unknown symbol try_free_swap_entry
simplify_symbols: Unknown symbol free_pages
	find_symbol_in_section: symbol __panic matched
	resolve_symbol: symbol __panic found
simplify_symbols: Unknown symbol schedule
simplify_symbols: Unknown symbol find_vma
simplify_symbols: Unknown symbol npage
simplify_symbols: Unknown symbol __percpu_cpus
simplify_symbols: Unknown symbol boot_pgdir
simplify_symbols: Unknown symbol intr_enable
simplify_symbols: Unknown symbol down
simplify_symbols: Unknown symbol do_sleep
simplify_symbols: Unknown symbol get_pgd
simplify_symbols: Unknown symbol get_pte
simplify_symbols: Unknown symbol percpu_offsets
simplify_symbols: Common symbol: kswapd_done
mod-swap: please compile with -fno-common
simplify_symbols: Unknown symbol slab_allocated
simplify_symbols: Unknown symbol intr_disable
simplify_symbols: Unknown symbol wait_init
simplify_symbols: Unknown symbol wait_in_queue
simplify_symbols: Unknown symbol shmem_insert_entry
simplify_symbols: Unknown symbol swapfs_read
simplify_symbols: Unknown symbol try_alloc_swap_entry
simplify_symbols: Unknown symbol __percpu_start
simplify_symbols: Unknown symbol page_remove
simplify_symbols: Common symbol: max_swap_offset
mod-swap: please compile with -fno-common
simplify_symbols: Unknown symbol kswapd_wakeup_all
simplify_symbols: Unknown symbol insert_vma_struct
simplify_symbols: Unknown symbol swap_page_add
simplify_symbols: Unknown symbol alloc_pages
simplify_symbols: Unknown symbol get_pmd
simplify_symbols: Common symbol: swap_in_sem
mod-swap: please compile with -fno-common
simplify_symbols: Unknown symbol swap_hash_list
	find_symbol_in_section: symbol __warn matched
	resolve_symbol: symbol __warn found
	find_symbol_in_section: symbol kprintf matched
	resolve_symbol: symbol kprintf found
simplify_symbols: Common symbol: active_list
mod-swap: please compile with -fno-common
simplify_symbols: Unknown symbol vma_create
simplify_symbols: Unknown symbol swap_duplicate
simplify_symbols: Unknown symbol kswapd
simplify_symbols: Unknown symbol check_mm_shm_swap
simplify_symbols: Unknown symbol swapfs_write
simplify_symbols: Unknown symbol swap_free_page
simplify_symbols: Common symbol: mem_map
mod-swap: please compile with -fno-common
simplify_symbols: Unknown symbol check_mm_struct
simplify_symbols: Unknown symbol nr_used_pages
simplify_symbols: Unknown symbol mp_tlb_invalidate
simplify_symbols: Unknown symbol pages
insmod failed.

